09/28/2025 05:11:52 PM: INFO: Logging In to the nop ecommerce customers page
09/28/2025 05:11:59 PM: INFO: testcase of search customer by name is passed
09/28/2025 05:11:59 PM: INFO: Expected name found in the table
09/28/2025 05:16:22 PM: INFO: testCases.test_search_customer_by_name: Logging In to the nop ecommerce customers page
09/28/2025 05:16:30 PM: INFO: testCases.test_search_customer_by_name: testcase of search customer by name is passed
09/28/2025 05:16:30 PM: INFO: testCases.test_search_customer_by_name: Expected name found in the table
09/28/2025 05:25:40 PM: INFO: testCases.test_add_customer: TestCase_003_AddCustomer
09/28/2025 05:25:44 PM: INFO: testCases.test_add_customer: Login successfully
09/28/2025 05:25:44 PM: INFO: testCases.test_add_customer: adding new customer to the customer page is started...
09/28/2025 05:25:57 PM: INFO: testCases.test_add_customer: saving customer to the customer page
09/28/2025 05:25:57 PM: INFO: testCases.test_add_customer: Add customer validation is starting.....
09/28/2025 05:25:58 PM: INFO: testCases.test_add_customer: Add customer testcase is passed...
09/28/2025 05:25:58 PM: INFO: testCases.test_add_customer: TestCase_003 is successfully completed
09/28/2025 05:26:00 PM: INFO: testCases.test_login: **********Test_001_login***********
09/28/2025 05:26:00 PM: INFO: testCases.test_login: *******verifying the Home page title********
09/28/2025 05:26:01 PM: INFO: testCases.test_login: ********Home page title is passed********
09/28/2025 05:26:02 PM: INFO: testCases.test_login: **********verifying the login functionality*******
09/28/2025 05:26:07 PM: INFO: testCases.test_login: *******Login page testcase is passed******
09/28/2025 05:26:09 PM: INFO: testCases.test_login_ddt: **********Test_002_login_data_driven_test***********
09/28/2025 05:26:09 PM: INFO: testCases.test_login_ddt: *******verifying the Home page title********
09/28/2025 05:26:10 PM: INFO: testCases.test_login_ddt: ********Home page title is passed********
09/28/2025 05:26:12 PM: INFO: testCases.test_login_ddt: **********verifying the login functionality*******
09/28/2025 05:26:21 PM: INFO: testCases.test_login_ddt: Data driven test for login testcase is passed
09/28/2025 05:26:22 PM: INFO: testCases.test_search_customer_by_email: Logging In to the nop ecommerce customers page
09/28/2025 05:26:29 PM: INFO: testCases.test_search_customer_by_email: testcase of search customer by email id is passed
09/28/2025 05:26:30 PM: INFO: testCases.test_search_customer_by_email: Expected email found in the table
09/28/2025 05:26:31 PM: INFO: testCases.test_search_customer_by_name: Logging In to the nop ecommerce customers page
09/28/2025 05:26:39 PM: INFO: testCases.test_search_customer_by_name: testcase of search customer by name is passed
09/28/2025 05:26:39 PM: INFO: testCases.test_search_customer_by_name: Expected name found in the table
